SF:/Users/vinny/Desktop/github/dojo-sessions/sbe-exercism-lasagna/src/Cop.Sbe.Exercism.Lasagna.WebApi/Program.cs
FN:0,System.Void Program::<Main>$(System.String[])
FNDA:0,System.Void Program::<Main>$(System.String[])
DA:1,0
DA:5,0
DA:7,0
DA:8,0
DA:10,0
DA:13,0
DA:14,0
DA:15,0
DA:16,0
DA:17,0
DA:19,0
DA:21,0
DA:23,0
DA:25,0
BRDA:13,64,0,0
BRDA:13,64,1,0
LF:14
LH:0
BRF:2
BRH:0
FNF:1
FNH:0
end_of_record
SF:/Users/vinny/Desktop/github/dojo-sessions/sbe-exercism-lasagna/src/Cop.Sbe.Exercism.Lasagna.WebApi/LuciansLusciousLasagna.cs
FN:4,System.Int32 Cop.Sbe.Exercism.Lasagna.WebApi.Lasagna::ExpectedMinutesInOven()
FNDA:4,System.Int32 Cop.Sbe.Exercism.Lasagna.WebApi.Lasagna::ExpectedMinutesInOven()
DA:5,4
FN:5,System.Int32 Cop.Sbe.Exercism.Lasagna.WebApi.Lasagna::RemainingMinutesInOven(System.Int32)
FNDA:2,System.Int32 Cop.Sbe.Exercism.Lasagna.WebApi.Lasagna::RemainingMinutesInOven(System.Int32)
DA:6,2
FN:6,System.Int32 Cop.Sbe.Exercism.Lasagna.WebApi.Lasagna::PreparationTimeInMinutes(System.Int32)
FNDA:4,System.Int32 Cop.Sbe.Exercism.Lasagna.WebApi.Lasagna::PreparationTimeInMinutes(System.Int32)
DA:7,4
FN:7,System.Int32 Cop.Sbe.Exercism.Lasagna.WebApi.Lasagna::ElapsedTimeInMinutes(System.Int32,System.Int32)
FNDA:2,System.Int32 Cop.Sbe.Exercism.Lasagna.WebApi.Lasagna::ElapsedTimeInMinutes(System.Int32,System.Int32)
DA:8,2
LF:4
LH:4
BRF:0
BRH:0
FNF:4
FNH:4
end_of_record
SF:/Users/vinny/Desktop/github/dojo-sessions/sbe-exercism-lasagna/src/Cop.Sbe.Exercism.Lasagna.WebApi/WeatherForecast.cs
FN:4,System.DateOnly Cop.Sbe.Exercism.Lasagna.WebApi.WeatherForecast::get_Date()
FNDA:0,System.DateOnly Cop.Sbe.Exercism.Lasagna.WebApi.WeatherForecast::get_Date()
DA:5,0
FN:6,System.Int32 Cop.Sbe.Exercism.Lasagna.WebApi.WeatherForecast::get_TemperatureC()
FNDA:0,System.Int32 Cop.Sbe.Exercism.Lasagna.WebApi.WeatherForecast::get_TemperatureC()
DA:7,0
FN:8,System.Int32 Cop.Sbe.Exercism.Lasagna.WebApi.WeatherForecast::get_TemperatureF()
FNDA:0,System.Int32 Cop.Sbe.Exercism.Lasagna.WebApi.WeatherForecast::get_TemperatureF()
DA:9,0
FN:10,System.String Cop.Sbe.Exercism.Lasagna.WebApi.WeatherForecast::get_Summary()
FNDA:0,System.String Cop.Sbe.Exercism.Lasagna.WebApi.WeatherForecast::get_Summary()
DA:11,0
LF:4
LH:0
BRF:0
BRH:0
FNF:4
FNH:0
end_of_record
SF:/Users/vinny/Desktop/github/dojo-sessions/sbe-exercism-lasagna/src/Cop.Sbe.Exercism.Lasagna.WebApi/Controllers/WeatherForecastController.cs
FN:22,System.Collections.Generic.IEnumerable`1<Cop.Sbe.Exercism.Lasagna.WebApi.WeatherForecast> Cop.Sbe.Exercism.Lasagna.WebApi.Controllers.WeatherForecastController::Get()
FNDA:0,System.Collections.Generic.IEnumerable`1<Cop.Sbe.Exercism.Lasagna.WebApi.WeatherForecast> Cop.Sbe.Exercism.Lasagna.WebApi.Controllers.WeatherForecastController::Get()
DA:23,0
DA:24,0
DA:25,0
DA:26,0
DA:27,0
DA:28,0
DA:29,0
DA:30,0
DA:31,0
FN:15,System.Void Cop.Sbe.Exercism.Lasagna.WebApi.Controllers.WeatherForecastController::.ctor(Microsoft.Extensions.Logging.ILogger`1<Cop.Sbe.Exercism.Lasagna.WebApi.Controllers.WeatherForecastController>)
FNDA:0,System.Void Cop.Sbe.Exercism.Lasagna.WebApi.Controllers.WeatherForecastController::.ctor(Microsoft.Extensions.Logging.ILogger`1<Cop.Sbe.Exercism.Lasagna.WebApi.Controllers.WeatherForecastController>)
DA:16,0
DA:17,0
DA:18,0
DA:19,0
FN:8,System.Void Cop.Sbe.Exercism.Lasagna.WebApi.Controllers.WeatherForecastController::.cctor()
FNDA:0,System.Void Cop.Sbe.Exercism.Lasagna.WebApi.Controllers.WeatherForecastController::.cctor()
DA:9,0
DA:10,0
DA:11,0
DA:12,0
LF:17
LH:0
BRF:0
BRH:0
FNF:3
FNH:0
end_of_record